C51 COMPILER V9.02   JIANPAN                                                               09/27/2016 22:24:03 PAGE 1   


C51 COMPILER V9.02, COMPILATION OF MODULE JIANPAN
OBJECT MODULE PLACED IN jianpan.OBJ
COMPILER INVOKED BY: C:\Keil\C51\BIN\C51.EXE jianpan.c COMPACT BROWSE INCDIR(..\手表界面+nrf-提升) DEBUG OBJECTEXTEND

line level    source

   1          #include "jianpan.h"
   2          #include "screen.h"
   3          #include "tft.h"
   4          
   5          
   6          
   7          uchar j,k,temp;
   8          
   9          
  10          
  11          /*延时函数*/
  12          void delay(unsigned char i)
  13          {
  14   1        for(j=i;j>0;j--)
  15   1          for(k=125;k>0;k--);
  16   1      }
  17          
  18          
  19          
  20          
  21          
  22          /*键盘程序*/
  23          void  Jianpan()
  24          {
  25   1        
  26   1        while(1)
  27   1        {
  28   2          P3=0x7f;
  29   2          temp=P3;
  30   2          temp=temp&0x0f;
  31   2          if(temp!=0x0f)
  32   2          {
  33   3            delay(10);
  34   3            if(temp!=0x0f)
  35   3            {
  36   4              temp=P3;
  37   4              switch(temp)
  38   4              { 
  39   5                        delay_ms(500);
  40   5                case 0x77:
  41   5                                 Update();//更新GPS、温度的信息
  42   5                     break;
  43   5      
  44   5                case 0x7b:
  45   5                     delay_ms(500);
  46   5                                 Cont_Speed_Add();//加速
  47   5                     break;
  48   5      
  49   5                case 0x7d:
  50   5                     delay_ms(500);
  51   5                                 Cont_Speed_Flow();//减速
  52   5                     break;
  53   5      
  54   5                case 0x7e:
  55   5                    Font_Test();//返回主界面
C51 COMPILER V9.02   JIANPAN                                                               09/27/2016 22:24:03 PAGE 2   

  56   5                     break;
  57   5               }
  58   4               while(temp!=0x0f)
  59   4               {
  60   5                 temp=P3;
  61   5                 temp=temp&0x0f;
  62   5           
  63   5               }
  64   4             
  65   4            }
  66   3          }
  67   2          P3=0xbf;
  68   2          temp=P3;
  69   2          temp=temp&0x0f;
  70   2          if(temp!=0x0f)
  71   2          {
  72   3            delay(10);
  73   3            if(temp!=0x0f)
  74   3            {
  75   4              temp=P3;
  76   4              switch(temp)
  77   4              {
  78   5                case 0xb7:
  79   5                     Cont_Direction(10);///推进器转动角度为0，复位，垂直于水平线
  80   5                     break;
  81   5      
  82   5                case 0xbb:
  83   5                     Cont_Direction(45);//推进器转动角度为45
  84   5                     break;
  85   5      
  86   5                case 0xbd:
  87   5                     Cont_Direction(60);//推进器转动角度为60
  88   5                     break;
  89   5      
  90   5                case 0xbe:
  91   5                     Function();//进去功能区，调速，调方向，充气，求救
  92   5                     break;
  93   5               }
  94   4               while(temp!=0x0f)
  95   4               {
  96   5                 temp=P3;
  97   5                 temp=temp&0x0f;
  98   5             
  99   5               }
 100   4            }
 101   3            }
 102   2          P3=0xdf;
 103   2          temp=P3;
 104   2          temp=temp&0x0f;
 105   2          if(temp!=0x0f)
 106   2          {
 107   3            delay(10);
 108   3            if(temp!=0x0f)
 109   3            {
 110   4              temp=P3;
 111   4              switch(temp)
 112   4              {
 113   5                case 0xd7:
 114   5                     //待定
 115   5                     break;
 116   5      
 117   5                case 0xdb:
C51 COMPILER V9.02   JIANPAN                                                               09/27/2016 22:24:03 PAGE 3   

 118   5                     //待定
 119   5                     break;
 120   5      
 121   5                case 0xdd:
 122   5                     //待定
 123   5                     break;
 124   5      
 125   5                case 0xde:
 126   5                     Direction();//方向调节界面
 127   5                     break;
 128   5               }
 129   4               while(temp!=0x0f)
 130   4               {
 131   5                 temp=P3;
 132   5                 temp=temp&0x0f;
 133   5               
 134   5               }
 135   4            }
 136   3            }
 137   2          P3=0xef;
 138   2          temp=P3;
 139   2          temp=temp&0x0f;
 140   2          if(temp!=0x0f)
 141   2          {
 142   3            delay(10);
 143   3            if(temp!=0x0f)
 144   3            {
 145   4              temp=P3;
 146   4              switch(temp)
 147   4              {
 148   5                case 0xe7:
 149   5                     Air_Inflation();//充气界面
 150   5                     break;
 151   5      
 152   5                case 0xeb:
 153   5                     //待定
 154   5                     break;
 155   5      
 156   5                case 0xed:
 157   5                     Help_Me();//求救界面
 158   5                     break;
 159   5      
 160   5                case 0xee:
 161   5                     Speed_Governing();//调速度界面
 162   5                     break;
 163   5               }
 164   4               while(temp!=0x0f)
 165   4               {
 166   5                 temp=P3;
 167   5                 temp=temp&0x0f;
 168   5           
 169   5               }
 170   4            }
 171   3          }
 172   2        }
 173   1      }
 174          
 175          
 176          
 177          
 178          
 179          
C51 COMPILER V9.02   JIANPAN                                                               09/27/2016 22:24:03 PAGE 4   

 180          
 181          
 182          
 183          
 184          
 185          
 186          
 187          
 188          
 189          
 190          
 191          
 192          
 193          
 194          
 195          
 196          
 197          
 198          
 199          
 200          
 201          
 202          
 203          
 204          
 205          
 206          
 207          
 208          
 209          
 210          
 211          
 212          
 213          
 214          
 215          
 216          
 217          
 218          
 219          
 220          
 221          
 222          
 223          


MODULE INFORMATION:   STATIC OVERLAYABLE
   CODE SIZE        =    348    ----
   CONSTANT SIZE    =   ----    ----
   XDATA SIZE       =   ----    ----
   PDATA SIZE       =      3    ----
   DATA SIZE        =   ----    ----
   IDATA SIZE       =   ----    ----
   BIT SIZE         =   ----    ----
END OF MODULE INFORMATION.


C51 COMPILATION COMPLETE.  0 WARNING(S),  0 ERROR(S)
