C51 COMPILER V9.02   MAIN                                                                  09/27/2016 22:24:03 PAGE 1   


C51 COMPILER V9.02, COMPILATION OF MODULE MAIN
OBJECT MODULE PLACED IN main.OBJ
COMPILER INVOKED BY: C:\Keil\C51\BIN\C51.EXE main.c COMPACT BROWSE INCDIR(..\手表界面+nrf-提升) DEBUG OBJECTEXTEND

line level    source

   1          #include "main.h"
   2          #include "tft.h"
   3          #include "jianpan.h"
   4          #include "screen.h"
   5          
   6          
   7          
   8          
   9          void main()
  10          {       
  11   1              //uchar sta = 0;
  12   1          /*TMOD=0x01;                 
  13   1              TR0=1;                  
  14   1              TH0=0X15;                
  15   1              TL0=0Xa0;
  16   1              ET0=1;                  
  17   1              EA=1;*/
  18   1              lcd_initial();
  19   1          bl=1;       
  20   1              
  21   1      //      while(1)
  22   1      //      {
  23   1      //              if(sta==0)
  24   1      //              {
  25   1      //                dsp_single_colour(BLACK,50,50,100,100);       
  26   1      //              }
  27   1      //              delay_ms(1000);
  28   1      //              TX_Mode(0x11);
  29   1      //              sta = SPI_Read(READ_REG+STATUS);
  30   1      //              if(sta&0x20)
  31   1      //              {
  32   1      //                dsp_single_colour(GREEN,50,50,100,100);       
  33   1      //              }
  34   1      //      }       init_io();
  35   1      
  36   1              Begin();
  37   1              delay_ms(3800);
  38   1              Font_Test();
  39   1              Jianpan();
  40   1                
  41   1      }
  42          
  43          
  44          
  45          
  46          
  47          
  48          /*void time0() interrupt 1
  49          {       TH0=0X15;
  50                  TL0=0Xa0;
  51                  function();
  52                  delay_ms(3800);
  53          }  */


C51 COMPILER V9.02   MAIN                                                                  09/27/2016 22:24:03 PAGE 2   

MODULE INFORMATION:   STATIC OVERLAYABLE
   CODE SIZE        =     21    ----
   CONSTANT SIZE    =   ----    ----
   XDATA SIZE       =   ----    ----
   PDATA SIZE       =   ----    ----
   DATA SIZE        =   ----    ----
   IDATA SIZE       =   ----    ----
   BIT SIZE         =   ----    ----
END OF MODULE INFORMATION.


C51 COMPILATION COMPLETE.  0 WARNING(S),  0 ERROR(S)
